<?xml version="1.0" encoding="UTF-8"?>
<!-- Generated by org.testng.reporters.JUnitReportReporter -->
<testsuite hostname="DESKTOP-5GKULI1" failures="0" tests="2" name="TestVargant.Assignment.PlayerValidationTest" time="2.221" errors="0" timestamp="2023-01-21T22:47:35 IST" skipped="0">
  <testcase classname="TestVargant.Assignment.PlayerValidationTest" name="getOneWicketKeeper" time="0.192"/>
  <system-out/>
  <testcase classname="TestVargant.Assignment.PlayerValidationTest" name="getFourForeignPlayersDetails" time="2.029"/>
  <system-out/>
</testsuite> <!-- TestVargant.Assignment.PlayerValidationTest -->
